<?xml version="1.0" encoding="UTF-8"?>
<!-- Generated by org.testng.reporters.JUnitReportReporter -->
<testsuite hostname="DESKTOP-PNFG6ND" name="RestAss.RestAssUred.AppTest" tests="1" failures="0" timestamp="8 Aug 2019 12:04:09 GMT" time="2.558" errors="0">
  <testcase name="getWeatherDetails" time="2.558" classname="RestAss.RestAssUred.AppTest"/>
</testsuite> <!-- RestAss.RestAssUred.AppTest -->
